# JRE version: Java(TM) SE Runtime Environment (8.0_151-b12) (build 1.8.0_151-b12)
# Java VM: Java HotSpot(TM) 64-Bit Server VM (25.151-b12 mixed mode windows-amd64 compressed oops)
Heap:
 PSYoungGen      total 27648K, used 3305K [0x00000000d5d80000, 0x00000000d9800000, 0x0000000100000000)
  eden space 27136K, 11% used [0x00000000d5d80000,0x00000000d609a510,0x00000000d7800000)
  from space 512K, 25% used [0x00000000d7880000,0x00000000d78a0000,0x00000000d7900000)
  to   space 16384K, 0% used [0x00000000d8800000,0x00000000d8800000,0x00000000d9800000)
 ParOldGen       total 87552K, used 35015K [0x0000000081800000, 0x0000000086d80000, 0x00000000d5d80000)
  object space 87552K, 39% used [0x0000000081800000,0x0000000083a31e70,0x0000000086d80000)
 Metaspace       used 16526K, capacity 17106K, committed 17280K, reserved 1064960K
  class space    used 2145K, capacity 2328K, committed 2432K, reserved 1048576K
GC Heap History (10 events):
Event: 7.738 GC heap before
{Heap before GC invocations=13 (full 0):
 PSYoungGen      total 49152K, used 29831K [0x00000000d5d80000, 0x00000000da380000, 0x0000000100000000)
  eden space 29696K, 100% used [0x00000000d5d80000,0x00000000d7a80000,0x00000000d7a80000)
  from space 19456K, 0% used [0x00000000d9080000,0x00000000d90a1d38,0x00000000da380000)
  to   space 20992K, 0% used [0x00000000d7a80000,0x00000000d7a80000,0x00000000d8f00000)
 ParOldGen       total 87552K, used 34817K [0x0000000081800000, 0x0000000086d80000, 0x00000000d5d80000)
  object space 87552K, 39% used [0x0000000081800000,0x0000000083a006f8,0x0000000086d80000)
 Metaspace       used 16433K, capacity 17106K, committed 17280K, reserved 1064960K
  class space    used 2145K, capacity 2328K, committed 2432K, reserved 1048576K
Event: 7.741 GC heap after
Heap after GC invocations=13 (full 0):
 PSYoungGen      total 29696K, used 135K [0x00000000d5d80000, 0x00000000da100000, 0x0000000100000000)
  eden space 29184K, 0% used [0x00000000d5d80000,0x00000000d5d80000,0x00000000d7a00000)
  from space 512K, 26% used [0x00000000d7a80000,0x00000000d7aa1d38,0x00000000d7b00000)
  to   space 19968K, 0% used [0x00000000d8d80000,0x00000000d8d80000,0x00000000da100000)
 ParOldGen       total 87552K, used 34841K [0x0000000081800000, 0x0000000086d80000, 0x00000000d5d80000)
  object space 87552K, 39% used [0x0000000081800000,0x0000000083a066f8,0x0000000086d80000)
 Metaspace       used 16433K, capacity 17106K, committed 17280K, reserved 1064960K
  class space    used 2145K, capacity 2328K, committed 2432K, reserved 1048576K
}
Event: 8.022 GC heap before
{Heap before GC invocations=14 (full 0):
 PSYoungGen      total 29696K, used 29319K [0x00000000d5d80000, 0x00000000da100000, 0x0000000100000000)
  eden space 29184K, 100% used [0x00000000d5d80000,0x00000000d7a00000,0x00000000d7a00000)
  from space 512K, 26% used [0x00000000d7a80000,0x00000000d7aa1d38,0x00000000d7b00000)
  to   space 19968K, 0% used [0x00000000d8d80000,0x00000000d8d80000,0x00000000da100000)
 ParOldGen       total 87552K, used 34844K [0x0000000081800000, 0x0000000086d80000, 0x00000000d5d80000)
  object space 87552K, 39% used [0x0000000081800000,0x0000000083a07100,0x0000000086d80000)
 Metaspace       used 16433K, capacity 17106K, committed 17280K, reserved 1064960K
  class space    used 2145K, capacity 2328K, committed 2432K, reserved 1048576K
Event: 8.025 GC heap after
Heap after GC invocations=14 (full 0):
 PSYoungGen      total 46080K, used 175K [0x00000000d5d80000, 0x00000000d9e80000, 0x0000000100000000)
  eden space 28672K, 0% used [0x00000000d5d80000,0x00000000d5d80000,0x00000000d7980000)
  from space 17408K, 1% used [0x00000000d8d80000,0x00000000d8dabc10,0x00000000d9e80000)
  to   space 18944K, 0% used [0x00000000d7980000,0x00000000d7980000,0x00000000d8c00000)
 ParOldGen       total 87552K, used 34860K [0x0000000081800000, 0x0000000086d80000, 0x00000000d5d80000)
  object space 87552K, 39% used [0x0000000081800000,0x0000000083a0b100,0x0000000086d80000)
 Metaspace       used 16433K, capacity 17106K, committed 17280K, reserved 1064960K
  class space    used 2145K, capacity 2328K, committed 2432K, reserved 1048576K
}
Event: 8.313 GC heap before
{Heap before GC invocations=15 (full 0):
 PSYoungGen      total 46080K, used 28847K [0x00000000d5d80000, 0x00000000d9e80000, 0x0000000100000000)
  eden space 28672K, 100% used [0x00000000d5d80000,0x00000000d7980000,0x00000000d7980000)
  from space 17408K, 1% used [0x00000000d8d80000,0x00000000d8dabc10,0x00000000d9e80000)
  to   space 18944K, 0% used [0x00000000d7980000,0x00000000d7980000,0x00000000d8c00000)
 ParOldGen       total 87552K, used 34863K [0x0000000081800000, 0x0000000086d80000, 0x00000000d5d80000)
  object space 87552K, 39% used [0x0000000081800000,0x0000000083a0bc10,0x0000000086d80000)
 Metaspace       used 16437K, capacity 17106K, committed 17280K, reserved 1064960K
  class space    used 2145K, capacity 2328K, committed 2432K, reserved 1048576K
Event: 8.315 GC heap after
Heap after GC invocations=15 (full 0):
 PSYoungGen      total 28672K, used 96K [0x00000000d5d80000, 0x00000000d9d00000, 0x0000000100000000)
  eden space 28160K, 0% used [0x00000000d5d80000,0x00000000d5d80000,0x00000000d7900000)
  from space 512K, 18% used [0x00000000d7980000,0x00000000d7998000,0x00000000d7a00000)
  to   space 18432K, 0% used [0x00000000d8b00000,0x00000000d8b00000,0x00000000d9d00000)
 ParOldGen       total 87552K, used 34965K [0x0000000081800000, 0x0000000086d80000, 0x00000000d5d80000)
  object space 87552K, 39% used [0x0000000081800000,0x0000000083a25740,0x0000000086d80000)
 Metaspace       used 16437K, capacity 17106K, committed 17280K, reserved 1064960K
  class space    used 2145K, capacity 2328K, committed 2432K, reserved 1048576K
}
Event: 8.711 GC heap before
{Heap before GC invocations=16 (full 0):
 PSYoungGen      total 28672K, used 28256K [0x00000000d5d80000, 0x00000000d9d00000, 0x0000000100000000)
  eden space 28160K, 100% used [0x00000000d5d80000,0x00000000d7900000,0x00000000d7900000)
  from space 512K, 18% used [0x00000000d7980000,0x00000000d7998000,0x00000000d7a00000)
  to   space 18432K, 0% used [0x00000000d8b00000,0x00000000d8b00000,0x00000000d9d00000)
 ParOldGen       total 87552K, used 34967K [0x0000000081800000, 0x0000000086d80000, 0x00000000d5d80000)
  object space 87552K, 39% used [0x0000000081800000,0x0000000083a25e70,0x0000000086d80000)
 Metaspace       used 16492K, capacity 17106K, committed 17280K, reserved 1064960K
  class space    used 2145K, capacity 2328K, committed 2432K, reserved 1048576K
Event: 8.712 GC heap after
Heap after GC invocations=16 (full 0):
 PSYoungGen      total 43520K, used 135K [0x00000000d5d80000, 0x00000000d9a80000, 0x0000000100000000)
  eden space 27648K, 0% used [0x00000000d5d80000,0x00000000d5d80000,0x00000000d7880000)
  from space 15872K, 0% used [0x00000000d8b00000,0x00000000d8b21d58,0x00000000d9a80000)
  to   space 17408K, 0% used [0x00000000d7880000,0x00000000d7880000,0x00000000d8980000)
 ParOldGen       total 87552K, used 34991K [0x0000000081800000, 0x0000000086d80000, 0x00000000d5d80000)
  object space 87552K, 39% used [0x0000000081800000,0x0000000083a2be70,0x0000000086d80000)
 Metaspace       used 16492K, capacity 17106K, committed 17280K, reserved 1064960K
  class space    used 2145K, capacity 2328K, committed 2432K, reserved 1048576K
}
Event: 9.769 GC heap before
{Heap before GC invocations=17 (full 0):
 PSYoungGen      total 43520K, used 27783K [0x00000000d5d80000, 0x00000000d9a80000, 0x0000000100000000)
  eden space 27648K, 100% used [0x00000000d5d80000,0x00000000d7880000,0x00000000d7880000)
  from space 15872K, 0% used [0x00000000d8b00000,0x00000000d8b21d58,0x00000000d9a80000)
  to   space 17408K, 0% used [0x00000000d7880000,0x00000000d7880000,0x00000000d8980000)
 ParOldGen       total 87552K, used 34991K [0x0000000081800000, 0x0000000086d80000, 0x00000000d5d80000)
  object space 87552K, 39% used [0x0000000081800000,0x0000000083a2be70,0x0000000086d80000)
 Metaspace       used 16505K, capacity 17106K, committed 17280K, reserved 1064960K
  class space    used 2145K, capacity 2328K, committed 2432K, reserved 1048576K
Event: 9.773 GC heap after
Heap after GC invocations=17 (full 0):
 PSYoungGen      total 27648K, used 128K [0x00000000d5d80000, 0x00000000d9800000, 0x0000000100000000)
  eden space 27136K, 0% used [0x00000000d5d80000,0x00000000d5d80000,0x00000000d7800000)
  from space 512K, 25% used [0x00000000d7880000,0x00000000d78a0000,0x00000000d7900000)
  to   space 16384K, 0% used [0x00000000d8800000,0x00000000d8800000,0x00000000d9800000)
 ParOldGen       total 87552K, used 35015K [0x0000000081800000, 0x0000000086d80000, 0x00000000d5d80000)
  object space 87552K, 39% used [0x0000000081800000,0x0000000083a31e70,0x0000000086d80000)
 Metaspace       used 16505K, capacity 17106K, committed 17280K, reserved 1064960K
  class space    used 2145K, capacity 2328K, committed 2432K, reserved 1048576K
}

